<?xml version="1.0" encoding="UTF-8"?>
<testng-results ignored="0" total="4" passed="4" failed="0" skipped="0">
  <reporter-output>
  </reporter-output>
  <suite started-at="2025-08-19T12:58:46 IST" name="MasterSuite" finished-at="2025-08-19T12:59:25 IST" duration-ms="39512">
    <groups>
      <group name="Master">
        <method signature="TC001_AccountRegistrationTest.verifyRegistrationPageTest()[pri:0, instance:testCases.TC001_AccountRegistrationTest@6db9f5a4]" name="verifyRegistrationPageTest" class="testCases.TC001_AccountRegistrationTest"/>
        <method signature="TC_002_LogInTest.verifyLoginPage()[pri:0, instance:testCases.TC_002_LogInTest@7a675056]" name="verifyLoginPage" class="testCases.TC_002_LogInTest"/>
        <method signature="TC001_AccountRegistrationTest.verifyRegistrationPageTest()[pri:0, instance:testCases.TC001_AccountRegistrationTest@4f67eb2a]" name="verifyRegistrationPageTest" class="testCases.TC001_AccountRegistrationTest"/>
        <method signature="TC_002_LogInTest.verifyLoginPage()[pri:0, instance:testCases.TC_002_LogInTest@4a668b6e]" name="verifyLoginPage" class="testCases.TC_002_LogInTest"/>
      </group> <!-- Master -->
      <group name="Sanity">
        <method signature="TC_002_LogInTest.verifyLoginPage()[pri:0, instance:testCases.TC_002_LogInTest@7a675056]" name="verifyLoginPage" class="testCases.TC_002_LogInTest"/>
        <method signature="TC_002_LogInTest.verifyLoginPage()[pri:0, instance:testCases.TC_002_LogInTest@4a668b6e]" name="verifyLoginPage" class="testCases.TC_002_LogInTest"/>
      </group> <!-- Sanity -->
      <group name="Regression">
        <method signature="TC001_AccountRegistrationTest.verifyRegistrationPageTest()[pri:0, instance:testCases.TC001_AccountRegistrationTest@6db9f5a4]" name="verifyRegistrationPageTest" class="testCases.TC001_AccountRegistrationTest"/>
        <method signature="TC001_AccountRegistrationTest.verifyRegistrationPageTest()[pri:0, instance:testCases.TC001_AccountRegistrationTest@4f67eb2a]" name="verifyRegistrationPageTest" class="testCases.TC001_AccountRegistrationTest"/>
      </group> <!-- Regression -->
    </groups>
    <test started-at="2025-08-19T12:58:46 IST" name="Linux-Chrome" finished-at="2025-08-19T12:59:02 IST" duration-ms="15690">
      <class name="testCases.TC001_AccountRegistrationTest">
        <test-method is-config="true" signature="setUp(java.lang.String,java.lang.String)[pri:0, instance:testCases.TC001_AccountRegistrationTest@6db9f5a4]" started-at="2025-08-19T12:58:47 IST" name="setUp" finished-at="2025-08-19T12:58:52 IST" duration-ms="5343" status="PASS">
          <params>
            <param index="0">
              <value>
                <![CDATA[Linux]]>
              </value>
            </param>
            <param index="1">
              <value>
                <![CDATA[chrome]]>
              </value>
            </param>
          </params>
          <reporter-output>
          </reporter-output>
        </test-method> <!-- setUp -->
        <test-method signature="verifyRegistrationPageTest()[pri:0, instance:testCases.TC001_AccountRegistrationTest@6db9f5a4]" started-at="2025-08-19T12:58:52 IST" name="verifyRegistrationPageTest" finished-at="2025-08-19T12:58:55 IST" duration-ms="3289" status="PASS">
          <reporter-output>
          </reporter-output>
        </test-method> <!-- verifyRegistrationPageTest -->
        <test-method is-config="true" signature="tearDown()[pri:0, instance:testCases.TC001_AccountRegistrationTest@6db9f5a4]" started-at="2025-08-19T12:58:56 IST" name="tearDown" finished-at="2025-08-19T12:58:57 IST" duration-ms="1092" status="PASS">
          <reporter-output>
          </reporter-output>
        </test-method> <!-- tearDown -->
      </class> <!-- testCases.TC001_AccountRegistrationTest -->
      <class name="testCases.TC_002_LogInTest">
        <test-method is-config="true" signature="setUp(java.lang.String,java.lang.String)[pri:0, instance:testCases.TC_002_LogInTest@7a675056]" started-at="2025-08-19T12:58:57 IST" name="setUp" finished-at="2025-08-19T12:58:59 IST" duration-ms="2416" status="PASS">
          <params>
            <param index="0">
              <value>
                <![CDATA[Linux]]>
              </value>
            </param>
            <param index="1">
              <value>
                <![CDATA[chrome]]>
              </value>
            </param>
          </params>
          <reporter-output>
          </reporter-output>
        </test-method> <!-- setUp -->
        <test-method signature="verifyLoginPage()[pri:0, instance:testCases.TC_002_LogInTest@7a675056]" started-at="2025-08-19T12:58:59 IST" name="verifyLoginPage" finished-at="2025-08-19T12:59:01 IST" duration-ms="2363" status="PASS">
          <reporter-output>
          </reporter-output>
        </test-method> <!-- verifyLoginPage -->
        <test-method is-config="true" signature="tearDown()[pri:0, instance:testCases.TC_002_LogInTest@7a675056]" started-at="2025-08-19T12:59:01 IST" name="tearDown" finished-at="2025-08-19T12:59:02 IST" duration-ms="263" status="PASS">
          <reporter-output>
          </reporter-output>
        </test-method> <!-- tearDown -->
      </class> <!-- testCases.TC_002_LogInTest -->
    </test> <!-- Linux-Chrome -->
    <test started-at="2025-08-19T12:59:04 IST" name="Linux-FireFox" finished-at="2025-08-19T12:59:25 IST" duration-ms="21543">
      <class name="testCases.TC001_AccountRegistrationTest">
        <test-method is-config="true" signature="setUp(java.lang.String,java.lang.String)[pri:0, instance:testCases.TC001_AccountRegistrationTest@4f67eb2a]" started-at="2025-08-19T12:59:04 IST" name="setUp" finished-at="2025-08-19T12:59:11 IST" duration-ms="6941" status="PASS">
          <params>
            <param index="0">
              <value>
                <![CDATA[Linux]]>
              </value>
            </param>
            <param index="1">
              <value>
                <![CDATA[firefox]]>
              </value>
            </param>
          </params>
          <reporter-output>
          </reporter-output>
        </test-method> <!-- setUp -->
        <test-method signature="verifyRegistrationPageTest()[pri:0, instance:testCases.TC001_AccountRegistrationTest@4f67eb2a]" started-at="2025-08-19T12:59:11 IST" name="verifyRegistrationPageTest" finished-at="2025-08-19T12:59:13 IST" duration-ms="1902" status="PASS">
          <reporter-output>
          </reporter-output>
        </test-method> <!-- verifyRegistrationPageTest -->
        <test-method is-config="true" signature="tearDown()[pri:0, instance:testCases.TC001_AccountRegistrationTest@4f67eb2a]" started-at="2025-08-19T12:59:13 IST" name="tearDown" finished-at="2025-08-19T12:59:16 IST" duration-ms="3388" status="PASS">
          <reporter-output>
          </reporter-output>
        </test-method> <!-- tearDown -->
      </class> <!-- testCases.TC001_AccountRegistrationTest -->
      <class name="testCases.TC_002_LogInTest">
        <test-method is-config="true" signature="setUp(java.lang.String,java.lang.String)[pri:0, instance:testCases.TC_002_LogInTest@4a668b6e]" started-at="2025-08-19T12:59:16 IST" name="setUp" finished-at="2025-08-19T12:59:22 IST" duration-ms="5592" status="PASS">
          <params>
            <param index="0">
              <value>
                <![CDATA[Linux]]>
              </value>
            </param>
            <param index="1">
              <value>
                <![CDATA[firefox]]>
              </value>
            </param>
          </params>
          <reporter-output>
          </reporter-output>
        </test-method> <!-- setUp -->
        <test-method signature="verifyLoginPage()[pri:0, instance:testCases.TC_002_LogInTest@4a668b6e]" started-at="2025-08-19T12:59:22 IST" name="verifyLoginPage" finished-at="2025-08-19T12:59:23 IST" duration-ms="1407" status="PASS">
          <reporter-output>
          </reporter-output>
        </test-method> <!-- verifyLoginPage -->
        <test-method is-config="true" signature="tearDown()[pri:0, instance:testCases.TC_002_LogInTest@4a668b6e]" started-at="2025-08-19T12:59:23 IST" name="tearDown" finished-at="2025-08-19T12:59:25 IST" duration-ms="2278" status="PASS">
          <reporter-output>
          </reporter-output>
        </test-method> <!-- tearDown -->
      </class> <!-- testCases.TC_002_LogInTest -->
    </test> <!-- Linux-FireFox -->
  </suite> <!-- MasterSuite -->
</testng-results>
